Num Vertices: 10 Num Edges: 9
Edge: 1 vertex_1: 1 vertex_2: 2 weight: 1
Edge: 2 vertex_1: 2 vertex_2: 3 weight: 1
Edge: 3 vertex_1: 3 vertex_2: 4 weight: 1
Edge: 4 vertex_1: 4 vertex_2: 5 weight: 1
Edge: 5 vertex_1: 5 vertex_2: 6 weight: 1
Edge: 6 vertex_1: 6 vertex_2: 7 weight: 1
Edge: 7 vertex_1: 7 vertex_2: 8 weight: 1
Edge: 8 vertex_1: 8 vertex_2: 9 weight: 1
Edge: 9 vertex_1: 9 vertex_2: 10 weight: 1
Simulation Time = 0.00222536 seconds for 10 vertices.
RCTree Edges
Edge: 1 vertex_1: 1 vertex_2: 20 weight: 1
Edge: 2 vertex_1: 2 vertex_2: 23 weight: 1
Edge: 3 vertex_1: 3 vertex_2: 26 weight: 1
Edge: 4 vertex_1: 4 vertex_2: 29 weight: 1
Edge: 5 vertex_1: 5 vertex_2: 28 weight: 1
Edge: 6 vertex_1: 6 vertex_2: 25 weight: 1
Edge: 7 vertex_1: 7 vertex_2: 27 weight: 1
Edge: 8 vertex_1: 8 vertex_2: 22 weight: 1
Edge: 9 vertex_1: 9 vertex_2: 24 weight: 1
Edge: 10 vertex_1: 10 vertex_2: 21 weight: 1
Edge: 11 vertex_1: 11 vertex_2: 20 weight: 1
Edge: 12 vertex_1: 12 vertex_2: 23 weight: 1
Edge: 13 vertex_1: 13 vertex_2: 26 weight: 1
Edge: 14 vertex_1: 14 vertex_2: 28 weight: 1
Edge: 15 vertex_1: 15 vertex_2: 25 weight: 1
Edge: 16 vertex_1: 16 vertex_2: 25 weight: 1
Edge: 17 vertex_1: 17 vertex_2: 22 weight: 1
Edge: 18 vertex_1: 18 vertex_2: 22 weight: 1
Edge: 19 vertex_1: 19 vertex_2: 21 weight: 1
Edge: 20 vertex_1: 20 vertex_2: 23 weight: 1
Edge: 21 vertex_1: 21 vertex_2: 24 weight: 1
Edge: 22 vertex_1: 22 vertex_2: 24 weight: 1
Edge: 23 vertex_1: 23 vertex_2: 26 weight: 1
Edge: 24 vertex_1: 24 vertex_2: 27 weight: 1
Edge: 25 vertex_1: 25 vertex_2: 27 weight: 1
Edge: 26 vertex_1: 26 vertex_2: 29 weight: 1
Edge: 27 vertex_1: 27 vertex_2: 28 weight: 1
Edge: 28 vertex_1: 28 vertex_2: 29 weight: 1
RCTree Nodes
Node: 1 Vertex_id: 1
Node: 2 Vertex_id: 2
Node: 3 Vertex_id: 3
Node: 4 Vertex_id: 4
Node: 5 Vertex_id: 5
Node: 6 Vertex_id: 6
Node: 7 Vertex_id: 7
Node: 8 Vertex_id: 8
Node: 9 Vertex_id: 9
Node: 10 Vertex_id: 10
Node: 11 Edge_id: 1
Node: 12 Edge_id: 2
Node: 13 Edge_id: 3
Node: 14 Edge_id: 4
Node: 15 Edge_id: 5
Node: 16 Edge_id: 6
Node: 17 Edge_id: 7
Node: 18 Edge_id: 8
Node: 19 Edge_id: 9
Node: 20 Cluster_degree: 1 Rep_vertex: 1 Bound_vertex_1: 2
Node: 21 Cluster_degree: 1 Rep_vertex: 10 Bound_vertex_1: 9
Node: 22 Cluster_degree: 2 Rep_vertex: 8 Bound_vertex_1: 7 Bound_vertex_2: 9
Node: 23 Cluster_degree: 1 Rep_vertex: 2 Bound_vertex_1: 3
Node: 24 Cluster_degree: 1 Rep_vertex: 9 Bound_vertex_1: 7
Node: 25 Cluster_degree: 2 Rep_vertex: 6 Bound_vertex_1: 5 Bound_vertex_2: 7
Node: 26 Cluster_degree: 1 Rep_vertex: 3 Bound_vertex_1: 4
Node: 27 Cluster_degree: 1 Rep_vertex: 7 Bound_vertex_1: 5
Node: 28 Cluster_degree: 1 Rep_vertex: 5 Bound_vertex_1: 4
Node: 29 Cluster_degree: 0 Rep_vertex: 4
Height of rcTree: 5
